2020-11-02 01:05:42.178586
Filename : randomgraph.gr
Vertices : 2
Edges : 1
Elapsed Time : 00 days, 00 hour, 00 minutes, 00 seconds
-------------------------------
2020-11-02 01:16:30.438147
Filename : randomgraph.gr
Vertices : 200
Edges : 2101
Elapsed Time : 00 days, 00 hour, 00 minutes, 00 seconds
-------------------------------
2020-11-02 01:17:21.355548
Filename : randomgraph.gr
Vertices : 200
Edges : 2086
Elapsed Time : 00 days, 00 hour, 00 minutes, 00 seconds
-------------------------------
2020-11-04 14:53:46.717541
Filename : randomgraph.gr
Vertices : 200
Edges : 2153
Elapsed Time : 00 days, 00 hour, 00 minutes, 00 seconds
-------------------------------
2020-11-04 14:53:54.744180
Filename : randomgraph.gr
Vertices : 2000
Edges : 21546
Elapsed Time : 00 days, 00 hour, 00 minutes, 00 seconds
-------------------------------
2020-11-04 14:54:06.833292
Filename : randomgraph.gr
Vertices : 2000
Edges : 21681
Elapsed Time : 00 days, 00 hour, 00 minutes, 00 seconds
-------------------------------
2020-11-04 15:03:40.527106
Filename : randomgraph.gr
Vertices : 2000
Edges : 21595
Elapsed Time : 00 days, 00 hour, 00 minutes, 00 seconds
-------------------------------
2020-11-04 15:07:27.472717
Filename : randomgraph.gr
Vertices : 200
Edges : 2160
Elapsed Time : 00 days, 00 hour, 00 minutes, 00 seconds
-------------------------------
2020-11-04 15:08:25.023163
Filename : randomgraph.gr
Vertices : 200
Edges : 2130
Elapsed Time : 00 days, 00 hour, 00 minutes, 00 seconds
-------------------------------
2020-11-04 15:09:09.102716
Filename : randomgraph.gr
Vertices : 200
Edges : 2174
Elapsed Time : 00 days, 00 hour, 00 minutes, 00 seconds
-------------------------------
2020-11-04 15:09:13.219947
Filename : randomgraph.gr
Vertices : 200
Edges : 2217
Elapsed Time : 00 days, 00 hour, 00 minutes, 00 seconds
-------------------------------
2020-11-04 15:10:19.992738
Filename : randomgraph.gr
Vertices : 200
Edges : 2089
Elapsed Time : 00 days, 00 hour, 00 minutes, 00 seconds
-------------------------------
2020-11-04 15:10:22.742909
Filename : randomgraph.gr
Vertices : 200
Edges : 2125
Elapsed Time : 00 days, 00 hour, 00 minutes, 00 seconds
-------------------------------
