2020-10-29 23:04:32.843252
Filename : randomgraph.gr
Vertices : 200
Edges : 2854
Elapsed Time : 00 days, 00 hour, 00 minutes, 00 seconds
-------------------------------
2020-10-29 23:06:17.524124
Filename : randomgraph.gr
Vertices : 200
Edges : 2820
Elapsed Time : 00 days, 00 hour, 00 minutes, 00 seconds
-------------------------------
2020-10-29 23:17:37.621653
Filename : randomgraph.gr
Vertices : 200
Edges : 2736
Elapsed Time : 00 days, 00 hour, 00 minutes, 00 seconds
-------------------------------
2020-10-29 23:18:03.303975
Filename : randomgraph.gr
Vertices : 200
Edges : 2806
Elapsed Time : 00 days, 00 hour, 00 minutes, 00 seconds
-------------------------------
2020-10-29 23:18:38.882635
Filename : randomgraph.gr
Vertices : 200
Edges : 2938
Elapsed Time : 00 days, 00 hour, 00 minutes, 00 seconds
-------------------------------
2020-10-29 23:19:12.028152
Filename : randomgraph.gr
Vertices : 200
Edges : 3046
Elapsed Time : 00 days, 00 hour, 00 minutes, 00 seconds
-------------------------------
2020-10-29 23:22:43.797266
Filename : randomgraph.gr
Vertices : 200
Edges : 2858
Elapsed Time : 00 days, 00 hour, 00 minutes, 00 seconds
-------------------------------
2020-10-29 23:26:52.324190
Filename : randomgraph.gr
Vertices : 200
Edges : 2770
Elapsed Time : 00 days, 00 hour, 00 minutes, 00 seconds
-------------------------------
2020-10-29 23:30:03.369450
Filename : randomgraph.gr
Vertices : 200
Edges : 3004
Elapsed Time : 00 days, 00 hour, 00 minutes, 00 seconds
-------------------------------
2020-10-29 23:31:30.350635
Filename : randomgraph.gr
Vertices : 200
Edges : 2839
Elapsed Time : 00 days, 00 hour, 00 minutes, 00 seconds
-------------------------------
2020-10-29 23:31:56.511040
Filename : randomgraph.gr
Vertices : 200
Edges : 2951
Elapsed Time : 00 days, 00 hour, 00 minutes, 00 seconds
-------------------------------
2020-10-29 23:32:53.002275
Filename : randomgraph.gr
Vertices : 200
Edges : 2820
Elapsed Time : 00 days, 00 hour, 00 minutes, 00 seconds
-------------------------------
2020-10-29 23:33:23.134551
Filename : randomgraph.gr
Vertices : 200
Edges : 2771
Elapsed Time : 00 days, 00 hour, 00 minutes, 00 seconds
-------------------------------
2020-10-29 23:33:52.194846
Filename : randomgraph.gr
Vertices : 200
Edges : 2824
Elapsed Time : 00 days, 00 hour, 00 minutes, 00 seconds
-------------------------------
2020-10-29 23:34:23.015294
Filename : randomgraph.gr
Vertices : 200
Edges : 2857
Elapsed Time : 00 days, 00 hour, 00 minutes, 00 seconds
-------------------------------
2020-10-29 23:35:00.773377
Filename : randomgraph.gr
Vertices : 200
Edges : 2907
Elapsed Time : 00 days, 00 hour, 00 minutes, 00 seconds
-------------------------------
2020-10-29 23:35:15.008178
Filename : randomgraph.gr
Vertices : 200
Edges : 2842
Elapsed Time : 00 days, 00 hour, 00 minutes, 00 seconds
-------------------------------
2020-10-29 23:35:37.896529
Filename : randomgraph.gr
Vertices : 200
Edges : 2930
Elapsed Time : 00 days, 00 hour, 00 minutes, 00 seconds
-------------------------------
2020-10-29 23:36:32.653529
Filename : randomgraph.gr
Vertices : 200
Edges : 2790
Elapsed Time : 00 days, 00 hour, 00 minutes, 00 seconds
-------------------------------
2020-10-29 23:37:57.543010
Filename : randomgraph.gr
Vertices : 200
Edges : 2837
Elapsed Time : 00 days, 00 hour, 00 minutes, 00 seconds
-------------------------------
2020-10-29 23:38:12.028929
Filename : randomgraph.gr
Vertices : 200
Edges : 2845
Elapsed Time : 00 days, 00 hour, 00 minutes, 00 seconds
-------------------------------
2020-10-29 23:39:12.937277
Filename : randomgraph.gr
Vertices : 200
Edges : 2835
Elapsed Time : 00 days, 00 hour, 00 minutes, 00 seconds
-------------------------------
2020-10-29 23:40:47.534224
Filename : randomgraph.gr
Vertices : 200
Edges : 2824
Elapsed Time : 00 days, 00 hour, 00 minutes, 00 seconds
-------------------------------
2020-10-29 23:42:06.952740
Filename : randomgraph.gr
Vertices : 200
Edges : 2738
Elapsed Time : 00 days, 00 hour, 00 minutes, 00 seconds
-------------------------------
2020-10-29 23:43:22.690395
Filename : randomgraph.gr
Vertices : 200
Edges : 2923
Elapsed Time : 00 days, 00 hour, 00 minutes, 00 seconds
-------------------------------
2020-10-29 23:44:29.925007
Filename : randomgraph.gr
Vertices : 200
Edges : 2891
Elapsed Time : 00 days, 00 hour, 00 minutes, 00 seconds
-------------------------------
2020-10-29 23:47:58.037736
Filename : randomgraph.gr
Vertices : 200
Edges : 2886
Elapsed Time : 00 days, 00 hour, 00 minutes, 00 seconds
-------------------------------
2020-10-29 23:49:12.170866
Filename : randomgraph.gr
Vertices : 200
Edges : 2789
Elapsed Time : 00 days, 00 hour, 00 minutes, 00 seconds
-------------------------------
2020-10-29 23:59:29.476889
Filename : randomgraph.gr
Vertices : 200
Edges : 2815
Elapsed Time : 00 days, 00 hour, 00 minutes, 00 seconds
-------------------------------
2020-10-29 23:59:38.949407
Filename : randomgraph.gr
Vertices : 200
Edges : 2811
Elapsed Time : 00 days, 00 hour, 00 minutes, 00 seconds
-------------------------------
2020-10-30 00:01:30.706334
Filename : randomgraph.gr
Vertices : 200
Edges : 2952
Elapsed Time : 00 days, 00 hour, 00 minutes, 00 seconds
-------------------------------
2020-10-30 00:01:41.208126
Filename : randomgraph.gr
Vertices : 200
Edges : 2604
Elapsed Time : 00 days, 00 hour, 00 minutes, 00 seconds
-------------------------------
2020-10-30 00:02:10.021744
Filename : randomgraph.gr
Vertices : 200
Edges : 2935
Elapsed Time : 00 days, 00 hour, 00 minutes, 00 seconds
-------------------------------
2020-10-30 00:02:15.416447
Filename : randomgraph.gr
Vertices : 200
Edges : 2793
Elapsed Time : 00 days, 00 hour, 00 minutes, 00 seconds
-------------------------------
2020-10-30 00:03:25.726135
Filename : randomgraph.gr
Vertices : 200
Edges : 2742
Elapsed Time : 00 days, 00 hour, 00 minutes, 00 seconds
-------------------------------
2020-10-30 00:03:35.315385
Filename : randomgraph.gr
Vertices : 200
Edges : 2888
Elapsed Time : 00 days, 00 hour, 00 minutes, 00 seconds
-------------------------------
2020-10-30 00:04:21.965316
Filename : randomgraph.gr
Vertices : 200
Edges : 2952
Elapsed Time : 00 days, 00 hour, 00 minutes, 00 seconds
-------------------------------
2020-10-30 00:04:55.669931
Filename : randomgraph.gr
Vertices : 200
Edges : 2979
Elapsed Time : 00 days, 00 hour, 00 minutes, 00 seconds
-------------------------------
2020-10-30 00:05:05.033363
Filename : randomgraph.gr
Vertices : 200
Edges : 2905
Elapsed Time : 00 days, 00 hour, 00 minutes, 00 seconds
-------------------------------
2020-10-30 00:06:01.186076
Filename : randomgraph.gr
Vertices : 200
Edges : 2909
Elapsed Time : 00 days, 00 hour, 00 minutes, 00 seconds
-------------------------------
2020-10-30 00:06:13.306145
Filename : randomgraph.gr
Vertices : 200
Edges : 2836
Elapsed Time : 00 days, 00 hour, 00 minutes, 00 seconds
-------------------------------
2020-10-30 00:06:29.073436
Filename : randomgraph.gr
Vertices : 200
Edges : 2842
Elapsed Time : 00 days, 00 hour, 00 minutes, 00 seconds
-------------------------------
2020-10-30 00:06:37.443062
Filename : randomgraph.gr
Vertices : 200
Edges : 2887
Elapsed Time : 00 days, 00 hour, 00 minutes, 00 seconds
-------------------------------
2020-10-30 00:07:24.814191
Filename : randomgraph.gr
Vertices : 200
Edges : 2823
Elapsed Time : 00 days, 00 hour, 00 minutes, 00 seconds
-------------------------------
2020-10-30 00:07:31.493810
Filename : randomgraph.gr
Vertices : 200
Edges : 3018
Elapsed Time : 00 days, 00 hour, 00 minutes, 00 seconds
-------------------------------
2020-10-30 00:07:52.615326
Filename : randomgraph.gr
Vertices : 200
Edges : 2896
Elapsed Time : 00 days, 00 hour, 00 minutes, 00 seconds
-------------------------------
2020-10-30 00:07:59.827839
Filename : randomgraph.gr
Vertices : 200
Edges : 2839
Elapsed Time : 00 days, 00 hour, 00 minutes, 00 seconds
-------------------------------
2020-10-30 00:08:00.363721
Filename : randomgraph.gr
Vertices : 200
Edges : 2855
Elapsed Time : 00 days, 00 hour, 00 minutes, 00 seconds
-------------------------------
2020-10-30 00:08:46.560446
Filename : randomgraph.gr
Vertices : 200
Edges : 3133
Elapsed Time : 00 days, 00 hour, 00 minutes, 00 seconds
-------------------------------
2020-10-30 00:08:58.433504
Filename : randomgraph.gr
Vertices : 200
Edges : 2867
Elapsed Time : 00 days, 00 hour, 00 minutes, 00 seconds
-------------------------------
2020-10-30 21:12:24.621681
Filename : randomgraph.gr
Vertices : 200
Edges : 2939
Elapsed Time : 00 days, 00 hour, 00 minutes, 00 seconds
-------------------------------
2020-10-30 21:14:59.944252
Filename : randomgraph.gr
Vertices : 200
Edges : 2885
Elapsed Time : 00 days, 00 hour, 00 minutes, 00 seconds
-------------------------------
2020-10-30 21:16:15.586856
Filename : randomgraph.gr
Vertices : 200
Edges : 2764
Elapsed Time : 00 days, 00 hour, 00 minutes, 00 seconds
-------------------------------
2020-10-30 21:16:27.024899
Filename : randomgraph.gr
Vertices : 200
Edges : 2779
Elapsed Time : 00 days, 00 hour, 00 minutes, 00 seconds
-------------------------------
2020-10-30 21:16:34.894852
Filename : randomgraph.gr
Vertices : 200
Edges : 2704
Elapsed Time : 00 days, 00 hour, 00 minutes, 00 seconds
-------------------------------
2020-10-30 21:16:44.185965
Filename : randomgraph.gr
Vertices : 200
Edges : 2901
Elapsed Time : 00 days, 00 hour, 00 minutes, 00 seconds
-------------------------------
2020-10-30 21:22:56.622910
Filename : randomgraph.gr
Vertices : 200
Edges : 2764
Elapsed Time : 00 days, 00 hour, 00 minutes, 00 seconds
-------------------------------
2020-10-30 21:25:19.859408
Filename : randomgraph.gr
Vertices : 200
Edges : 2856
Elapsed Time : 00 days, 00 hour, 00 minutes, 00 seconds
-------------------------------
2020-10-30 21:29:11.848859
Filename : randomgraph.gr
Vertices : 200
Edges : 2839
Elapsed Time : 00 days, 00 hour, 00 minutes, 00 seconds
-------------------------------
2020-10-30 21:30:53.138265
Filename : randomgraph.gr
Vertices : 200
Edges : 2837
Elapsed Time : 00 days, 00 hour, 00 minutes, 00 seconds
-------------------------------
2020-10-30 21:32:36.445807
Filename : randomgraph.gr
Vertices : 200
Edges : 2868
Elapsed Time : 00 days, 00 hour, 00 minutes, 00 seconds
-------------------------------
2020-10-30 21:33:15.279784
Filename : randomgraph.gr
Vertices : 200
Edges : 2847
Elapsed Time : 00 days, 00 hour, 00 minutes, 00 seconds
-------------------------------
2020-10-30 21:34:34.061558
Filename : randomgraph.gr
Vertices : 200
Edges : 2723
Elapsed Time : 00 days, 00 hour, 00 minutes, 00 seconds
-------------------------------
2020-10-30 21:35:04.536557
Filename : randomgraph.gr
Vertices : 200
Edges : 2891
Elapsed Time : 00 days, 00 hour, 00 minutes, 00 seconds
-------------------------------
2020-10-30 21:35:44.830518
Filename : randomgraph.gr
Vertices : 200
Edges : 2895
Elapsed Time : 00 days, 00 hour, 00 minutes, 00 seconds
-------------------------------
2020-10-30 21:35:52.828634
Filename : randomgraph.gr
Vertices : 200
Edges : 2933
Elapsed Time : 00 days, 00 hour, 00 minutes, 00 seconds
-------------------------------
2020-10-30 21:36:23.026480
Filename : randomgraph.gr
Vertices : 200
Edges : 2837
Elapsed Time : 00 days, 00 hour, 00 minutes, 00 seconds
-------------------------------
2020-10-30 21:36:40.003348
Filename : randomgraph.gr
Vertices : 200
Edges : 2987
Elapsed Time : 00 days, 00 hour, 00 minutes, 00 seconds
-------------------------------
2020-10-30 21:37:25.154708
Filename : randomgraph.gr
Vertices : 200
Edges : 2692
Elapsed Time : 00 days, 00 hour, 00 minutes, 00 seconds
-------------------------------
2020-10-30 21:37:43.162705
Filename : randomgraph.gr
Vertices : 200
Edges : 2829
Elapsed Time : 00 days, 00 hour, 00 minutes, 00 seconds
-------------------------------
2020-10-30 21:49:42.929444
Filename : randomgraph.gr
Vertices : 200
Edges : 2858
Elapsed Time : 00 days, 00 hour, 00 minutes, 00 seconds
-------------------------------
2020-10-30 21:50:23.223263
Filename : randomgraph.gr
Vertices : 200
Edges : 2788
Elapsed Time : 00 days, 00 hour, 00 minutes, 00 seconds
-------------------------------
2020-10-30 21:52:52.298507
Filename : randomgraph.gr
Vertices : 200
Edges : 2879
Elapsed Time : 00 days, 00 hour, 00 minutes, 00 seconds
-------------------------------
2020-10-31 16:31:30.786353
Filename : randomgraph.gr
Vertices : 200
Edges : 2894
Elapsed Time : 00 days, 00 hour, 00 minutes, 00 seconds
-------------------------------
2020-10-31 16:33:59.028284
Filename : randomgraph.gr
Vertices : 200
Edges : 2915
Elapsed Time : 00 days, 00 hour, 00 minutes, 00 seconds
-------------------------------
2020-10-31 16:34:22.315353
Filename : randomgraph.gr
Vertices : 200
Edges : 2871
Elapsed Time : 00 days, 00 hour, 00 minutes, 00 seconds
-------------------------------
2020-10-31 16:34:29.844077
Filename : randomgraph.gr
Vertices : 200
Edges : 2941
Elapsed Time : 00 days, 00 hour, 00 minutes, 00 seconds
-------------------------------
2020-10-31 16:34:59.271875
Filename : randomgraph.gr
Vertices : 200
Edges : 2816
Elapsed Time : 00 days, 00 hour, 00 minutes, 00 seconds
-------------------------------
2020-10-31 16:35:57.082610
Filename : randomgraph.gr
Vertices : 200
Edges : 2855
Elapsed Time : 00 days, 00 hour, 00 minutes, 00 seconds
-------------------------------
2020-10-31 16:40:13.663303
Filename : randomgraph.gr
Vertices : 200
Edges : 3014
Elapsed Time : 00 days, 00 hour, 00 minutes, 00 seconds
-------------------------------
2020-10-31 16:42:15.204881
Filename : randomgraph.gr
Vertices : 200
Edges : 2826
Elapsed Time : 00 days, 00 hour, 00 minutes, 00 seconds
-------------------------------
2020-10-31 16:43:11.343033
Filename : randomgraph.gr
Vertices : 200
Edges : 2841
Elapsed Time : 00 days, 00 hour, 00 minutes, 00 seconds
-------------------------------
2020-10-31 16:46:04.400206
Filename : randomgraph.gr
Vertices : 200
Edges : 2849
Elapsed Time : 00 days, 00 hour, 00 minutes, 00 seconds
-------------------------------
2020-10-31 16:46:54.339875
Filename : randomgraph.gr
Vertices : 200
Edges : 2914
Elapsed Time : 00 days, 00 hour, 00 minutes, 00 seconds
-------------------------------
2020-10-31 16:47:41.522230
Filename : randomgraph.gr
Vertices : 200
Edges : 2893
Elapsed Time : 00 days, 00 hour, 00 minutes, 00 seconds
-------------------------------
2020-10-31 16:49:03.613917
Filename : randomgraph.gr
Vertices : 200
Edges : 2927
Elapsed Time : 00 days, 00 hour, 00 minutes, 00 seconds
-------------------------------
2020-10-31 16:49:45.630423
Filename : randomgraph.gr
Vertices : 200
Edges : 2942
Elapsed Time : 00 days, 00 hour, 00 minutes, 00 seconds
-------------------------------
2020-10-31 16:50:24.052343
Filename : randomgraph.gr
Vertices : 200
Edges : 2784
Elapsed Time : 00 days, 00 hour, 00 minutes, 00 seconds
-------------------------------
2020-10-31 16:51:03.330385
Filename : randomgraph.gr
Vertices : 200
Edges : 2860
Elapsed Time : 00 days, 00 hour, 00 minutes, 00 seconds
-------------------------------
2020-10-31 16:51:51.544987
Filename : randomgraph.gr
Vertices : 200
Edges : 2782
Elapsed Time : 00 days, 00 hour, 00 minutes, 00 seconds
-------------------------------
2020-10-31 16:53:57.325973
Filename : randomgraph.gr
Vertices : 200
Edges : 2882
Elapsed Time : 00 days, 00 hour, 00 minutes, 00 seconds
-------------------------------
2020-10-31 17:03:48.748087
Filename : randomgraph.gr
Vertices : 200
Edges : 2876
Elapsed Time : 00 days, 00 hour, 00 minutes, 00 seconds
-------------------------------
2020-10-31 17:04:54.375506
Filename : randomgraph.gr
Vertices : 200
Edges : 2769
Elapsed Time : 00 days, 00 hour, 00 minutes, 00 seconds
-------------------------------
2020-10-31 17:05:23.892794
Filename : randomgraph.gr
Vertices : 200
Edges : 2854
Elapsed Time : 00 days, 00 hour, 00 minutes, 00 seconds
-------------------------------
2020-10-31 17:07:04.748172
Filename : randomgraph.gr
Vertices : 200
Edges : 2937
Elapsed Time : 00 days, 00 hour, 00 minutes, 00 seconds
-------------------------------
2020-10-31 17:07:24.538669
Filename : randomgraph.gr
Vertices : 200
Edges : 2794
Elapsed Time : 00 days, 00 hour, 00 minutes, 00 seconds
-------------------------------
2020-10-31 17:07:31.308782
Filename : randomgraph.gr
Vertices : 200
Edges : 2943
Elapsed Time : 00 days, 00 hour, 00 minutes, 00 seconds
-------------------------------
2020-10-31 17:17:07.375372
Filename : randomgraph.gr
Vertices : 200
Edges : 2933
Elapsed Time : 00 days, 00 hour, 00 minutes, 00 seconds
-------------------------------
2020-10-31 17:17:15.202345
Filename : randomgraph.gr
Vertices : 200
Edges : 2898
Elapsed Time : 00 days, 00 hour, 00 minutes, 00 seconds
-------------------------------
2020-10-31 17:18:46.999211
Filename : randomgraph.gr
Vertices : 200
Edges : 2757
Elapsed Time : 00 days, 00 hour, 00 minutes, 00 seconds
-------------------------------
2020-10-31 17:18:53.996982
Filename : randomgraph.gr
Vertices : 200
Edges : 2915
Elapsed Time : 00 days, 00 hour, 00 minutes, 00 seconds
-------------------------------
2020-10-31 17:19:10.494590
Filename : randomgraph.gr
Vertices : 200
Edges : 2842
Elapsed Time : 00 days, 00 hour, 00 minutes, 00 seconds
-------------------------------
2020-10-31 17:19:21.022548
Filename : randomgraph.gr
Vertices : 200
Edges : 2962
Elapsed Time : 00 days, 00 hour, 00 minutes, 00 seconds
-------------------------------
2020-10-31 17:20:45.625719
Filename : randomgraph.gr
Vertices : 200
Edges : 2749
Elapsed Time : 00 days, 00 hour, 00 minutes, 00 seconds
-------------------------------
2020-10-31 17:22:39.227406
Filename : randomgraph.gr
Vertices : 200
Edges : 2871
Elapsed Time : 00 days, 00 hour, 00 minutes, 00 seconds
-------------------------------
2020-10-31 17:22:50.016055
Filename : randomgraph.gr
Vertices : 200
Edges : 2947
Elapsed Time : 00 days, 00 hour, 00 minutes, 00 seconds
-------------------------------
2020-10-31 17:24:52.837589
Filename : randomgraph.gr
Vertices : 200
Edges : 2718
Elapsed Time : 00 days, 00 hour, 00 minutes, 00 seconds
-------------------------------
2020-10-31 17:25:22.610744
Filename : randomgraph.gr
Vertices : 200
Edges : 2763
Elapsed Time : 00 days, 00 hour, 00 minutes, 00 seconds
-------------------------------
2020-10-31 17:25:36.333850
Filename : randomgraph.gr
Vertices : 200
Edges : 2884
Elapsed Time : 00 days, 00 hour, 00 minutes, 00 seconds
-------------------------------
2020-10-31 17:26:08.902820
Filename : randomgraph.gr
Vertices : 200
Edges : 2934
Elapsed Time : 00 days, 00 hour, 00 minutes, 00 seconds
-------------------------------
2020-10-31 17:26:27.640044
Filename : randomgraph.gr
Vertices : 200
Edges : 2728
Elapsed Time : 00 days, 00 hour, 00 minutes, 00 seconds
-------------------------------
2020-10-31 17:28:09.335285
Filename : randomgraph.gr
Vertices : 200
Edges : 2768
Elapsed Time : 00 days, 00 hour, 00 minutes, 00 seconds
-------------------------------
2020-10-31 17:28:35.987261
Filename : randomgraph.gr
Vertices : 200
Edges : 2842
Elapsed Time : 00 days, 00 hour, 00 minutes, 00 seconds
-------------------------------
2020-10-31 17:29:57.688698
Filename : randomgraph.gr
Vertices : 200
Edges : 2742
Elapsed Time : 00 days, 00 hour, 00 minutes, 00 seconds
-------------------------------
2020-10-31 17:30:25.361830
Filename : randomgraph.gr
Vertices : 200
Edges : 2803
Elapsed Time : 00 days, 00 hour, 00 minutes, 00 seconds
-------------------------------
2020-10-31 17:30:32.352220
Filename : randomgraph.gr
Vertices : 200
Edges : 2891
Elapsed Time : 00 days, 00 hour, 00 minutes, 00 seconds
-------------------------------
2020-10-31 17:30:51.504223
Filename : randomgraph.gr
Vertices : 200
Edges : 2784
Elapsed Time : 00 days, 00 hour, 00 minutes, 00 seconds
-------------------------------
2020-10-31 17:30:57.158935
Filename : randomgraph.gr
Vertices : 200
Edges : 2859
Elapsed Time : 00 days, 00 hour, 00 minutes, 00 seconds
-------------------------------
2020-10-31 17:30:59.787401
Filename : randomgraph.gr
Vertices : 200
Edges : 2923
Elapsed Time : 00 days, 00 hour, 00 minutes, 00 seconds
-------------------------------
2020-10-31 17:31:59.951198
Filename : randomgraph.gr
Vertices : 200
Edges : 2855
Elapsed Time : 00 days, 00 hour, 00 minutes, 00 seconds
-------------------------------
2020-10-31 17:32:07.665043
Filename : randomgraph.gr
Vertices : 200
Edges : 2945
Elapsed Time : 00 days, 00 hour, 00 minutes, 00 seconds
-------------------------------
2020-10-31 17:32:09.040894
Filename : randomgraph.gr
Vertices : 200
Edges : 2901
Elapsed Time : 00 days, 00 hour, 00 minutes, 00 seconds
-------------------------------
2020-10-31 17:32:13.363051
Filename : randomgraph.gr
Vertices : 200
Edges : 2914
Elapsed Time : 00 days, 00 hour, 00 minutes, 00 seconds
-------------------------------
2020-10-31 17:33:00.040633
Filename : randomgraph.gr
Vertices : 200
Edges : 2897
Elapsed Time : 00 days, 00 hour, 00 minutes, 00 seconds
-------------------------------
2020-10-31 17:33:18.869528
Filename : randomgraph.gr
Vertices : 200
Edges : 2833
Elapsed Time : 00 days, 00 hour, 00 minutes, 00 seconds
-------------------------------
2020-10-31 17:33:24.891433
Filename : randomgraph.gr
Vertices : 200
Edges : 2992
Elapsed Time : 00 days, 00 hour, 00 minutes, 00 seconds
-------------------------------
2020-10-31 17:33:26.177941
Filename : randomgraph.gr
Vertices : 200
Edges : 2836
Elapsed Time : 00 days, 00 hour, 00 minutes, 00 seconds
-------------------------------
2020-10-31 17:33:26.996058
Filename : randomgraph.gr
Vertices : 200
Edges : 2878
Elapsed Time : 00 days, 00 hour, 00 minutes, 00 seconds
-------------------------------
2020-10-31 17:33:27.731658
Filename : randomgraph.gr
Vertices : 200
Edges : 2800
Elapsed Time : 00 days, 00 hour, 00 minutes, 00 seconds
-------------------------------
2020-10-31 17:34:13.102369
Filename : randomgraph.gr
Vertices : 200
Edges : 2821
Elapsed Time : 00 days, 00 hour, 00 minutes, 00 seconds
-------------------------------
2020-10-31 17:34:20.743311
Filename : randomgraph.gr
Vertices : 200
Edges : 2837
Elapsed Time : 00 days, 00 hour, 00 minutes, 00 seconds
-------------------------------
2020-10-31 17:34:21.648684
Filename : randomgraph.gr
Vertices : 200
Edges : 2749
Elapsed Time : 00 days, 00 hour, 00 minutes, 00 seconds
-------------------------------
2020-10-31 17:34:22.142937
Filename : randomgraph.gr
Vertices : 200
Edges : 2854
Elapsed Time : 00 days, 00 hour, 00 minutes, 00 seconds
-------------------------------
2020-10-31 17:34:22.424983
Filename : randomgraph.gr
Vertices : 200
Edges : 2884
Elapsed Time : 00 days, 00 hour, 00 minutes, 00 seconds
-------------------------------
2020-10-31 17:34:22.581565
Filename : randomgraph.gr
Vertices : 200
Edges : 2917
Elapsed Time : 00 days, 00 hour, 00 minutes, 00 seconds
-------------------------------
2020-10-31 17:34:22.736599
Filename : randomgraph.gr
Vertices : 200
Edges : 3087
Elapsed Time : 00 days, 00 hour, 00 minutes, 00 seconds
-------------------------------
2020-10-31 17:34:22.893185
Filename : randomgraph.gr
Vertices : 200
Edges : 2783
Elapsed Time : 00 days, 00 hour, 00 minutes, 00 seconds
-------------------------------
2020-10-31 17:34:23.055556
Filename : randomgraph.gr
Vertices : 200
Edges : 2914
Elapsed Time : 00 days, 00 hour, 00 minutes, 00 seconds
-------------------------------
2020-10-31 17:34:23.214658
Filename : randomgraph.gr
Vertices : 200
Edges : 2871
Elapsed Time : 00 days, 00 hour, 00 minutes, 00 seconds
-------------------------------
2020-10-31 17:34:29.194236
Filename : randomgraph.gr
Vertices : 200
Edges : 2966
Elapsed Time : 00 days, 00 hour, 00 minutes, 00 seconds
-------------------------------
2020-10-31 17:34:35.213806
Filename : randomgraph.gr
Vertices : 200
Edges : 2787
Elapsed Time : 00 days, 00 hour, 00 minutes, 00 seconds
-------------------------------
2020-10-31 17:34:35.485882
Filename : randomgraph.gr
Vertices : 200
Edges : 2829
Elapsed Time : 00 days, 00 hour, 00 minutes, 00 seconds
-------------------------------
2020-10-31 17:34:35.889733
Filename : randomgraph.gr
Vertices : 200
Edges : 2865
Elapsed Time : 00 days, 00 hour, 00 minutes, 00 seconds
-------------------------------
2020-10-31 17:34:36.177140
Filename : randomgraph.gr
Vertices : 200
Edges : 2946
Elapsed Time : 00 days, 00 hour, 00 minutes, 00 seconds
-------------------------------
2020-10-31 17:34:36.334725
Filename : randomgraph.gr
Vertices : 200
Edges : 3011
Elapsed Time : 00 days, 00 hour, 00 minutes, 00 seconds
-------------------------------
2020-10-31 17:34:36.489322
Filename : randomgraph.gr
Vertices : 200
Edges : 2927
Elapsed Time : 00 days, 00 hour, 00 minutes, 00 seconds
-------------------------------
2020-10-31 17:34:36.652006
Filename : randomgraph.gr
Vertices : 200
Edges : 2807
Elapsed Time : 00 days, 00 hour, 00 minutes, 00 seconds
-------------------------------
2020-10-31 17:34:36.816544
Filename : randomgraph.gr
Vertices : 200
Edges : 2879
Elapsed Time : 00 days, 00 hour, 00 minutes, 00 seconds
-------------------------------
2020-10-31 17:34:36.983714
Filename : randomgraph.gr
Vertices : 200
Edges : 2787
Elapsed Time : 00 days, 00 hour, 00 minutes, 00 seconds
-------------------------------
2020-10-31 17:34:37.147355
Filename : randomgraph.gr
Vertices : 200
Edges : 2830
Elapsed Time : 00 days, 00 hour, 00 minutes, 00 seconds
-------------------------------
2020-10-31 17:34:37.309846
Filename : randomgraph.gr
Vertices : 200
Edges : 2755
Elapsed Time : 00 days, 00 hour, 00 minutes, 00 seconds
-------------------------------
2020-10-31 17:34:37.480839
Filename : randomgraph.gr
Vertices : 200
Edges : 2945
Elapsed Time : 00 days, 00 hour, 00 minutes, 00 seconds
-------------------------------
2020-10-31 17:34:37.636608
Filename : randomgraph.gr
Vertices : 200
Edges : 2963
Elapsed Time : 00 days, 00 hour, 00 minutes, 00 seconds
-------------------------------
2020-10-31 17:34:37.799949
Filename : randomgraph.gr
Vertices : 200
Edges : 2813
Elapsed Time : 00 days, 00 hour, 00 minutes, 00 seconds
-------------------------------
2020-10-31 17:34:37.967595
Filename : randomgraph.gr
Vertices : 200
Edges : 2982
Elapsed Time : 00 days, 00 hour, 00 minutes, 00 seconds
-------------------------------
2020-10-31 17:40:00.055719
Filename : randomgraph.gr
Vertices : 200
Edges : 2910
Elapsed Time : 00 days, 00 hour, 00 minutes, 00 seconds
-------------------------------
2020-10-31 17:40:11.307044
Filename : randomgraph.gr
Vertices : 200
Edges : 2866
Elapsed Time : 00 days, 00 hour, 00 minutes, 00 seconds
-------------------------------
2020-10-31 17:40:12.481634
Filename : randomgraph.gr
Vertices : 200
Edges : 2831
Elapsed Time : 00 days, 00 hour, 00 minutes, 00 seconds
-------------------------------
2020-10-31 17:40:13.050704
Filename : randomgraph.gr
Vertices : 200
Edges : 2775
Elapsed Time : 00 days, 00 hour, 00 minutes, 00 seconds
-------------------------------
2020-10-31 17:40:13.753656
Filename : randomgraph.gr
Vertices : 200
Edges : 2949
Elapsed Time : 00 days, 00 hour, 00 minutes, 00 seconds
-------------------------------
2020-10-31 17:40:14.338732
Filename : randomgraph.gr
Vertices : 200
Edges : 2773
Elapsed Time : 00 days, 00 hour, 00 minutes, 00 seconds
-------------------------------
2020-10-31 17:40:15.426028
Filename : randomgraph.gr
Vertices : 200
Edges : 3026
Elapsed Time : 00 days, 00 hour, 00 minutes, 00 seconds
-------------------------------
2020-10-31 17:40:16.717184
Filename : randomgraph.gr
Vertices : 200
Edges : 2709
Elapsed Time : 00 days, 00 hour, 00 minutes, 00 seconds
-------------------------------
2020-10-31 17:40:18.377268
Filename : randomgraph.gr
Vertices : 200
Edges : 2974
Elapsed Time : 00 days, 00 hour, 00 minutes, 00 seconds
-------------------------------
2020-10-31 18:29:59.270473
Filename : randomgraph.gr
Vertices : 200
Edges : 2710
Elapsed Time : 00 days, 00 hour, 00 minutes, 00 seconds
-------------------------------
2020-10-31 18:30:47.272078
Filename : randomgraph.gr
Vertices : 200
Edges : 2894
Elapsed Time : 00 days, 00 hour, 00 minutes, 00 seconds
-------------------------------
2020-10-31 18:31:09.970016
Filename : randomgraph.gr
Vertices : 200
Edges : 2857
Elapsed Time : 00 days, 00 hour, 00 minutes, 00 seconds
-------------------------------
2020-10-31 18:32:06.801474
Filename : randomgraph.gr
Vertices : 200
Edges : 2858
Elapsed Time : 00 days, 00 hour, 00 minutes, 00 seconds
-------------------------------
2020-10-31 18:33:52.587417
Filename : randomgraph.gr
Vertices : 200
Edges : 2824
Elapsed Time : 00 days, 00 hour, 00 minutes, 00 seconds
-------------------------------
2020-10-31 18:47:48.083372
Filename : randomgraph.gr
Vertices : 200
Edges : 2753
Elapsed Time : 00 days, 00 hour, 00 minutes, 00 seconds
-------------------------------
2020-10-31 18:50:20.425153
Filename : randomgraph.gr
Vertices : 200
Edges : 3056
Elapsed Time : 00 days, 00 hour, 00 minutes, 00 seconds
-------------------------------
2020-10-31 18:50:53.098261
Filename : randomgraph.gr
Vertices : 200
Edges : 2851
Elapsed Time : 00 days, 00 hour, 00 minutes, 00 seconds
-------------------------------
2020-10-31 19:22:28.034739
Filename : randomgraph.gr
Vertices : 200
Edges : 2876
Elapsed Time : 00 days, 00 hour, 00 minutes, 00 seconds
-------------------------------
2020-10-31 19:22:55.393088
Filename : randomgraph.gr
Vertices : 200
Edges : 2949
Elapsed Time : 00 days, 00 hour, 00 minutes, 00 seconds
-------------------------------
2020-10-31 19:24:54.092588
Filename : randomgraph.gr
Vertices : 200
Edges : 2883
Elapsed Time : 00 days, 00 hour, 00 minutes, 00 seconds
-------------------------------
2020-10-31 19:25:16.690486
Filename : randomgraph.gr
Vertices : 200
Edges : 2719
Elapsed Time : 00 days, 00 hour, 00 minutes, 00 seconds
-------------------------------
2020-10-31 19:25:35.158547
Filename : randomgraph.gr
Vertices : 200
Edges : 2828
Elapsed Time : 00 days, 00 hour, 00 minutes, 00 seconds
-------------------------------
2020-10-31 19:26:05.045812
Filename : randomgraph.gr
Vertices : 200
Edges : 2914
Elapsed Time : 00 days, 00 hour, 00 minutes, 00 seconds
-------------------------------
2020-10-31 19:27:11.274033
Filename : randomgraph.gr
Vertices : 200
Edges : 2894
Elapsed Time : 00 days, 00 hour, 00 minutes, 00 seconds
-------------------------------
2020-10-31 19:27:32.459299
Filename : randomgraph.gr
Vertices : 200
Edges : 2816
Elapsed Time : 00 days, 00 hour, 00 minutes, 00 seconds
-------------------------------
2020-10-31 19:27:37.475192
Filename : randomgraph.gr
Vertices : 200
Edges : 2716
Elapsed Time : 00 days, 00 hour, 00 minutes, 00 seconds
-------------------------------
2020-10-31 19:27:48.662357
Filename : randomgraph.gr
Vertices : 200
Edges : 2906
Elapsed Time : 00 days, 00 hour, 00 minutes, 00 seconds
-------------------------------
2020-10-31 19:28:01.512550
Filename : randomgraph.gr
Vertices : 200
Edges : 2765
Elapsed Time : 00 days, 00 hour, 00 minutes, 00 seconds
-------------------------------
2020-10-31 19:28:12.760593
Filename : randomgraph.gr
Vertices : 200
Edges : 2849
Elapsed Time : 00 days, 00 hour, 00 minutes, 00 seconds
-------------------------------
2020-10-31 19:28:44.793130
Filename : randomgraph.gr
Vertices : 200
Edges : 2785
Elapsed Time : 00 days, 00 hour, 00 minutes, 00 seconds
-------------------------------
2020-10-31 19:28:59.746311
Filename : randomgraph.gr
Vertices : 200
Edges : 2815
Elapsed Time : 00 days, 00 hour, 00 minutes, 00 seconds
-------------------------------
2020-10-31 19:29:39.734914
Filename : randomgraph.gr
Vertices : 200
Edges : 2715
Elapsed Time : 00 days, 00 hour, 00 minutes, 00 seconds
-------------------------------
2020-11-01 00:16:39.023081
Filename : randomgraph.gr
Vertices : 200
Edges : 2857
Elapsed Time : 00 days, 00 hour, 00 minutes, 00 seconds
-------------------------------
2020-11-01 00:17:23.314883
Filename : randomgraph.gr
Vertices : 200
Edges : 2709
Elapsed Time : 00 days, 00 hour, 00 minutes, 00 seconds
-------------------------------
2020-11-01 00:18:04.632642
Filename : randomgraph.gr
Vertices : 200
Edges : 2977
Elapsed Time : 00 days, 00 hour, 00 minutes, 00 seconds
-------------------------------
2020-11-01 00:18:43.733731
Filename : randomgraph.gr
Vertices : 200
Edges : 2832
Elapsed Time : 00 days, 00 hour, 00 minutes, 00 seconds
-------------------------------
2020-11-01 00:19:16.168212
Filename : randomgraph.gr
Vertices : 200
Edges : 2677
Elapsed Time : 00 days, 00 hour, 00 minutes, 00 seconds
-------------------------------
2020-11-01 00:20:07.555906
Filename : randomgraph.gr
Vertices : 200
Edges : 2810
Elapsed Time : 00 days, 00 hour, 00 minutes, 00 seconds
-------------------------------
2020-11-01 00:20:19.858937
Filename : randomgraph.gr
Vertices : 200
Edges : 2870
Elapsed Time : 00 days, 00 hour, 00 minutes, 00 seconds
-------------------------------
2020-11-01 01:41:59.583612
Filename : randomgraph.gr
Vertices : 200
Edges : 2738
Elapsed Time : 00 days, 00 hour, 00 minutes, 00 seconds
-------------------------------
2020-11-01 01:42:54.145635
Filename : randomgraph.gr
Vertices : 200
Edges : 2750
Elapsed Time : 00 days, 00 hour, 00 minutes, 00 seconds
-------------------------------
2020-11-01 01:43:50.435366
Filename : randomgraph.gr
Vertices : 200
Edges : 2867
Elapsed Time : 00 days, 00 hour, 00 minutes, 00 seconds
-------------------------------
2020-11-01 01:43:57.116314
Filename : randomgraph.gr
Vertices : 200
Edges : 2768
Elapsed Time : 00 days, 00 hour, 00 minutes, 00 seconds
-------------------------------
2020-11-01 02:04:11.268156
Filename : randomgraph.gr
Vertices : 200
Edges : 2837
Elapsed Time : 00 days, 00 hour, 00 minutes, 00 seconds
-------------------------------
2020-11-01 02:06:59.374144
Filename : randomgraph.gr
Vertices : 200
Edges : 3010
Elapsed Time : 00 days, 00 hour, 00 minutes, 00 seconds
-------------------------------
2020-11-01 02:07:51.430905
Filename : randomgraph.gr
Vertices : 200
Edges : 2814
Elapsed Time : 00 days, 00 hour, 00 minutes, 00 seconds
-------------------------------
2020-11-01 02:11:00.107445
Filename : randomgraph.gr
Vertices : 200
Edges : 2858
Elapsed Time : 00 days, 00 hour, 00 minutes, 00 seconds
-------------------------------
2020-11-01 02:12:15.400562
Filename : randomgraph.gr
Vertices : 200
Edges : 2849
Elapsed Time : 00 days, 00 hour, 00 minutes, 00 seconds
-------------------------------
2020-11-01 02:16:46.480187
Filename : randomgraph.gr
Vertices : 200
Edges : 2922
Elapsed Time : 00 days, 00 hour, 00 minutes, 00 seconds
-------------------------------
2020-11-01 02:25:26.578412
Filename : randomgraph.gr
Vertices : 200
Edges : 2912
Elapsed Time : 00 days, 00 hour, 00 minutes, 00 seconds
-------------------------------
2020-11-01 02:26:50.064529
Filename : randomgraph.gr
Vertices : 200
Edges : 2759
Elapsed Time : 00 days, 00 hour, 00 minutes, 00 seconds
-------------------------------
2020-11-01 02:27:01.796901
Filename : randomgraph.gr
Vertices : 200
Edges : 2979
Elapsed Time : 00 days, 00 hour, 00 minutes, 00 seconds
-------------------------------
2020-11-01 02:34:38.634294
Filename : randomgraph.gr
Vertices : 200
Edges : 2880
Elapsed Time : 00 days, 00 hour, 00 minutes, 00 seconds
-------------------------------
2020-11-01 02:35:20.315748
Filename : randomgraph.gr
Vertices : 200
Edges : 2810
Elapsed Time : 00 days, 00 hour, 00 minutes, 00 seconds
-------------------------------
2020-11-01 02:36:07.181796
Filename : randomgraph.gr
Vertices : 200
Edges : 2802
Elapsed Time : 00 days, 00 hour, 00 minutes, 00 seconds
-------------------------------
2020-11-01 02:36:21.962485
Filename : randomgraph.gr
Vertices : 200
Edges : 2892
Elapsed Time : 00 days, 00 hour, 00 minutes, 00 seconds
-------------------------------
2020-11-01 02:36:27.361177
Filename : randomgraph.gr
Vertices : 200
Edges : 2940
Elapsed Time : 00 days, 00 hour, 00 minutes, 00 seconds
-------------------------------
2020-11-01 02:36:58.538009
Filename : randomgraph.gr
Vertices : 200
Edges : 2840
Elapsed Time : 00 days, 00 hour, 00 minutes, 00 seconds
-------------------------------
2020-11-01 02:47:28.651211
Filename : randomgraph.gr
Vertices : 200
Edges : 2963
Elapsed Time : 00 days, 00 hour, 00 minutes, 00 seconds
-------------------------------
2020-11-01 02:48:14.524235
Filename : randomgraph.gr
Vertices : 200
Edges : 2734
Elapsed Time : 00 days, 00 hour, 00 minutes, 00 seconds
-------------------------------
2020-11-01 02:51:32.088120
Filename : randomgraph.gr
Vertices : 200
Edges : 2937
Elapsed Time : 00 days, 00 hour, 00 minutes, 00 seconds
-------------------------------
2020-11-01 02:51:50.051367
Filename : randomgraph.gr
Vertices : 200
Edges : 2879
Elapsed Time : 00 days, 00 hour, 00 minutes, 00 seconds
-------------------------------
2020-11-01 02:52:05.785525
Filename : randomgraph.gr
Vertices : 200
Edges : 2825
Elapsed Time : 00 days, 00 hour, 00 minutes, 00 seconds
-------------------------------
2020-11-01 02:52:54.570611
Filename : randomgraph.gr
Vertices : 200
Edges : 2828
Elapsed Time : 00 days, 00 hour, 00 minutes, 00 seconds
-------------------------------
2020-11-01 02:53:26.762872
Filename : randomgraph.gr
Vertices : 200
Edges : 2856
Elapsed Time : 00 days, 00 hour, 00 minutes, 00 seconds
-------------------------------
2020-11-01 02:59:06.795086
Filename : randomgraph.gr
Vertices : 200
Edges : 2889
Elapsed Time : 00 days, 00 hour, 00 minutes, 00 seconds
-------------------------------
2020-11-01 02:59:25.819645
Filename : randomgraph.gr
Vertices : 200
Edges : 2873
Elapsed Time : 00 days, 00 hour, 00 minutes, 00 seconds
-------------------------------
2020-11-01 02:59:58.298472
Filename : randomgraph.gr
Vertices : 200
Edges : 2854
Elapsed Time : 00 days, 00 hour, 00 minutes, 00 seconds
-------------------------------
2020-11-01 03:01:07.693243
Filename : randomgraph.gr
Vertices : 200
Edges : 2734
Elapsed Time : 00 days, 00 hour, 00 minutes, 00 seconds
-------------------------------
2020-11-01 03:01:22.096269
Filename : randomgraph.gr
Vertices : 200
Edges : 2806
Elapsed Time : 00 days, 00 hour, 00 minutes, 00 seconds
-------------------------------
2020-11-01 03:03:31.814348
Filename : randomgraph.gr
Vertices : 200
Edges : 2747
Elapsed Time : 00 days, 00 hour, 00 minutes, 00 seconds
-------------------------------
2020-11-01 03:04:42.551982
Filename : randomgraph.gr
Vertices : 200
Edges : 2929
Elapsed Time : 00 days, 00 hour, 00 minutes, 00 seconds
-------------------------------
2020-11-01 03:05:39.791504
Filename : randomgraph.gr
Vertices : 200
Edges : 2776
Elapsed Time : 00 days, 00 hour, 00 minutes, 00 seconds
-------------------------------
2020-11-01 03:08:46.237259
Filename : randomgraph.gr
Vertices : 200
Edges : 2821
Elapsed Time : 00 days, 00 hour, 00 minutes, 00 seconds
-------------------------------
2020-11-01 03:15:08.856360
Filename : randomgraph.gr
Vertices : 200
Edges : 2933
Elapsed Time : 00 days, 00 hour, 00 minutes, 00 seconds
-------------------------------
2020-11-01 03:15:39.444816
Filename : randomgraph.gr
Vertices : 200
Edges : 2726
Elapsed Time : 00 days, 00 hour, 00 minutes, 00 seconds
-------------------------------
2020-11-01 03:15:59.177001
Filename : randomgraph.gr
Vertices : 200
Edges : 2767
Elapsed Time : 00 days, 00 hour, 00 minutes, 00 seconds
-------------------------------
2020-11-01 03:16:16.936342
Filename : randomgraph.gr
Vertices : 200
Edges : 2904
Elapsed Time : 00 days, 00 hour, 00 minutes, 00 seconds
-------------------------------
2020-11-01 03:16:31.610381
Filename : randomgraph.gr
Vertices : 200
Edges : 2708
Elapsed Time : 00 days, 00 hour, 00 minutes, 00 seconds
-------------------------------
2020-11-01 03:17:23.854018
Filename : randomgraph.gr
Vertices : 200
Edges : 2887
Elapsed Time : 00 days, 00 hour, 00 minutes, 00 seconds
-------------------------------
2020-11-01 03:17:47.094484
Filename : randomgraph.gr
Vertices : 200
Edges : 2795
Elapsed Time : 00 days, 00 hour, 00 minutes, 00 seconds
-------------------------------
2020-11-01 03:19:03.109646
Filename : randomgraph.gr
Vertices : 200
Edges : 2875
Elapsed Time : 00 days, 00 hour, 00 minutes, 00 seconds
-------------------------------
2020-11-01 03:19:25.928503
Filename : randomgraph.gr
Vertices : 200
Edges : 2942
Elapsed Time : 00 days, 00 hour, 00 minutes, 00 seconds
-------------------------------
2020-11-01 03:23:07.422425
Filename : randomgraph.gr
Vertices : 200
Edges : 2695
Elapsed Time : 00 days, 00 hour, 00 minutes, 00 seconds
-------------------------------
2020-11-01 03:23:22.257679
Filename : randomgraph.gr
Vertices : 200
Edges : 2760
Elapsed Time : 00 days, 00 hour, 00 minutes, 00 seconds
-------------------------------
2020-11-01 03:24:41.756461
Filename : randomgraph.gr
Vertices : 200
Edges : 2954
Elapsed Time : 00 days, 00 hour, 00 minutes, 00 seconds
-------------------------------
2020-11-01 03:27:28.077420
Filename : randomgraph.gr
Vertices : 200
Edges : 2896
Elapsed Time : 00 days, 00 hour, 00 minutes, 00 seconds
-------------------------------
2020-11-01 03:28:48.096922
Filename : randomgraph.gr
Vertices : 200
Edges : 2937
Elapsed Time : 00 days, 00 hour, 00 minutes, 00 seconds
-------------------------------
2020-11-01 03:28:57.542260
Filename : randomgraph.gr
Vertices : 200
Edges : 2774
Elapsed Time : 00 days, 00 hour, 00 minutes, 00 seconds
-------------------------------
2020-11-01 03:29:31.607206
Filename : randomgraph.gr
Vertices : 200
Edges : 2877
Elapsed Time : 00 days, 00 hour, 00 minutes, 00 seconds
-------------------------------
2020-11-01 03:30:41.598916
Filename : randomgraph.gr
Vertices : 200
Edges : 2858
Elapsed Time : 00 days, 00 hour, 00 minutes, 00 seconds
-------------------------------
2020-11-01 03:30:53.526598
Filename : randomgraph.gr
Vertices : 200
Edges : 2885
Elapsed Time : 00 days, 00 hour, 00 minutes, 00 seconds
-------------------------------
2020-11-01 03:32:04.022424
Filename : randomgraph.gr
Vertices : 200
Edges : 2824
Elapsed Time : 00 days, 00 hour, 00 minutes, 00 seconds
-------------------------------
2020-11-01 03:32:16.535281
Filename : randomgraph.gr
Vertices : 200
Edges : 2784
Elapsed Time : 00 days, 00 hour, 00 minutes, 00 seconds
-------------------------------
2020-11-01 03:32:45.851191
Filename : randomgraph.gr
Vertices : 200
Edges : 2934
Elapsed Time : 00 days, 00 hour, 00 minutes, 00 seconds
-------------------------------
2020-11-01 03:36:00.192208
Filename : randomgraph.gr
Vertices : 200
Edges : 2773
Elapsed Time : 00 days, 00 hour, 00 minutes, 00 seconds
-------------------------------
2020-11-01 03:36:13.180600
Filename : randomgraph.gr
Vertices : 200
Edges : 2842
Elapsed Time : 00 days, 00 hour, 00 minutes, 00 seconds
-------------------------------
2020-11-01 03:37:54.943591
Filename : randomgraph.gr
Vertices : 200
Edges : 2835
Elapsed Time : 00 days, 00 hour, 00 minutes, 00 seconds
-------------------------------
2020-11-01 03:38:31.633564
Filename : randomgraph.gr
Vertices : 200
Edges : 2934
Elapsed Time : 00 days, 00 hour, 00 minutes, 00 seconds
-------------------------------
2020-11-01 03:38:41.510438
Filename : randomgraph.gr
Vertices : 200
Edges : 2890
Elapsed Time : 00 days, 00 hour, 00 minutes, 00 seconds
-------------------------------
2020-11-01 03:38:44.787095
Filename : randomgraph.gr
Vertices : 200
Edges : 2847
Elapsed Time : 00 days, 00 hour, 00 minutes, 00 seconds
-------------------------------
2020-11-01 03:39:28.000272
Filename : randomgraph.gr
Vertices : 200
Edges : 2826
Elapsed Time : 00 days, 00 hour, 00 minutes, 00 seconds
-------------------------------
2020-11-01 03:40:22.055782
Filename : randomgraph.gr
Vertices : 200
Edges : 2882
Elapsed Time : 00 days, 00 hour, 00 minutes, 00 seconds
-------------------------------
2020-11-01 03:47:28.452350
Filename : randomgraph.gr
Vertices : 200
Edges : 2769
Elapsed Time : 00 days, 00 hour, 00 minutes, 00 seconds
-------------------------------
2020-11-01 03:49:27.711818
Filename : randomgraph.gr
Vertices : 200
Edges : 2729
Elapsed Time : 00 days, 00 hour, 00 minutes, 00 seconds
-------------------------------
2020-11-01 03:49:58.727232
Filename : randomgraph.gr
Vertices : 200
Edges : 2738
Elapsed Time : 00 days, 00 hour, 00 minutes, 00 seconds
-------------------------------
2020-11-01 03:50:10.170870
Filename : randomgraph.gr
Vertices : 200
Edges : 2797
Elapsed Time : 00 days, 00 hour, 00 minutes, 00 seconds
-------------------------------
2020-11-01 03:50:27.082390
Filename : randomgraph.gr
Vertices : 200
Edges : 2970
Elapsed Time : 00 days, 00 hour, 00 minutes, 00 seconds
-------------------------------
2020-11-01 03:51:29.740666
Filename : randomgraph.gr
Vertices : 200
Edges : 2847
Elapsed Time : 00 days, 00 hour, 00 minutes, 00 seconds
-------------------------------
2020-11-01 03:54:01.794858
Filename : randomgraph.gr
Vertices : 200
Edges : 2894
Elapsed Time : 00 days, 00 hour, 00 minutes, 00 seconds
-------------------------------
2020-11-01 03:54:09.408107
Filename : randomgraph.gr
Vertices : 200
Edges : 2728
Elapsed Time : 00 days, 00 hour, 00 minutes, 00 seconds
-------------------------------
2020-11-01 03:55:33.159439
Filename : randomgraph.gr
Vertices : 200
Edges : 2830
Elapsed Time : 00 days, 00 hour, 00 minutes, 00 seconds
-------------------------------
2020-11-01 03:58:59.832868
Filename : randomgraph.gr
Vertices : 200
Edges : 2725
Elapsed Time : 00 days, 00 hour, 00 minutes, 00 seconds
-------------------------------
2020-11-01 03:59:11.180917
Filename : randomgraph.gr
Vertices : 200
Edges : 2873
Elapsed Time : 00 days, 00 hour, 00 minutes, 00 seconds
-------------------------------
2020-11-01 03:59:55.735852
Filename : randomgraph.gr
Vertices : 200
Edges : 2751
Elapsed Time : 00 days, 00 hour, 00 minutes, 00 seconds
-------------------------------
2020-11-01 04:00:01.139823
Filename : randomgraph.gr
Vertices : 200
Edges : 2953
Elapsed Time : 00 days, 00 hour, 00 minutes, 00 seconds
-------------------------------
2020-11-01 04:01:30.607527
Filename : randomgraph.gr
Vertices : 200
Edges : 2769
Elapsed Time : 00 days, 00 hour, 00 minutes, 00 seconds
-------------------------------
2020-11-01 04:01:38.958670
Filename : randomgraph.gr
Vertices : 200
Edges : 2733
Elapsed Time : 00 days, 00 hour, 00 minutes, 00 seconds
-------------------------------
2020-11-01 04:02:48.198316
Filename : randomgraph.gr
Vertices : 200
Edges : 2953
Elapsed Time : 00 days, 00 hour, 00 minutes, 00 seconds
-------------------------------
2020-11-01 04:05:47.689802
Filename : randomgraph.gr
Vertices : 200
Edges : 2883
Elapsed Time : 00 days, 00 hour, 00 minutes, 00 seconds
-------------------------------
2020-11-01 04:06:01.503453
Filename : randomgraph.gr
Vertices : 200
Edges : 2699
Elapsed Time : 00 days, 00 hour, 00 minutes, 00 seconds
-------------------------------
2020-11-01 04:06:42.909027
Filename : randomgraph.gr
Vertices : 200
Edges : 2849
Elapsed Time : 00 days, 00 hour, 00 minutes, 00 seconds
-------------------------------
2020-11-01 04:06:57.392092
Filename : randomgraph.gr
Vertices : 200
Edges : 2775
Elapsed Time : 00 days, 00 hour, 00 minutes, 00 seconds
-------------------------------
2020-11-01 04:07:30.094206
Filename : randomgraph.gr
Vertices : 200
Edges : 2968
Elapsed Time : 00 days, 00 hour, 00 minutes, 00 seconds
-------------------------------
2020-11-01 04:15:05.856220
Filename : randomgraph.gr
Vertices : 200
Edges : 2961
Elapsed Time : 00 days, 00 hour, 00 minutes, 00 seconds
-------------------------------
2020-11-01 04:15:52.877606
Filename : randomgraph.gr
Vertices : 200
Edges : 2715
Elapsed Time : 00 days, 00 hour, 00 minutes, 00 seconds
-------------------------------
2020-11-01 04:16:10.668349
Filename : randomgraph.gr
Vertices : 200
Edges : 2950
Elapsed Time : 00 days, 00 hour, 00 minutes, 00 seconds
-------------------------------
2020-11-01 04:16:47.531393
Filename : randomgraph.gr
Vertices : 200
Edges : 2746
Elapsed Time : 00 days, 00 hour, 00 minutes, 00 seconds
-------------------------------
2020-11-01 04:18:48.775392
Filename : randomgraph.gr
Vertices : 200
Edges : 2754
Elapsed Time : 00 days, 00 hour, 00 minutes, 00 seconds
-------------------------------
2020-11-01 04:19:45.332124
Filename : randomgraph.gr
Vertices : 200
Edges : 2902
Elapsed Time : 00 days, 00 hour, 00 minutes, 00 seconds
-------------------------------
2020-11-01 04:22:32.134546
Filename : randomgraph.gr
Vertices : 200
Edges : 2792
Elapsed Time : 00 days, 00 hour, 00 minutes, 00 seconds
-------------------------------
2020-11-01 04:23:37.936868
Filename : randomgraph.gr
Vertices : 200
Edges : 3001
Elapsed Time : 00 days, 00 hour, 00 minutes, 00 seconds
-------------------------------
2020-11-01 04:24:05.181385
Filename : randomgraph.gr
Vertices : 200
Edges : 2790
Elapsed Time : 00 days, 00 hour, 00 minutes, 00 seconds
-------------------------------
2020-11-01 04:24:24.297865
Filename : randomgraph.gr
Vertices : 200
Edges : 3017
Elapsed Time : 00 days, 00 hour, 00 minutes, 00 seconds
-------------------------------
2020-11-01 04:24:53.823547
Filename : randomgraph.gr
Vertices : 200
Edges : 2812
Elapsed Time : 00 days, 00 hour, 00 minutes, 00 seconds
-------------------------------
2020-11-01 04:25:03.759568
Filename : randomgraph.gr
Vertices : 200
Edges : 2820
Elapsed Time : 00 days, 00 hour, 00 minutes, 00 seconds
-------------------------------
2020-11-01 04:27:50.559704
Filename : randomgraph.gr
Vertices : 200
Edges : 2949
Elapsed Time : 00 days, 00 hour, 00 minutes, 00 seconds
-------------------------------
2020-11-01 04:32:34.969615
Filename : randomgraph.gr
Vertices : 200
Edges : 2902
Elapsed Time : 00 days, 00 hour, 00 minutes, 00 seconds
-------------------------------
2020-11-01 04:34:58.331015
Filename : randomgraph.gr
Vertices : 200
Edges : 3021
Elapsed Time : 00 days, 00 hour, 00 minutes, 00 seconds
-------------------------------
2020-11-01 04:35:51.417895
Filename : randomgraph.gr
Vertices : 200
Edges : 2818
Elapsed Time : 00 days, 00 hour, 00 minutes, 00 seconds
-------------------------------
2020-11-01 04:38:08.724114
Filename : randomgraph.gr
Vertices : 200
Edges : 2827
Elapsed Time : 00 days, 00 hour, 00 minutes, 00 seconds
-------------------------------
2020-11-01 04:39:57.214367
Filename : randomgraph.gr
Vertices : 200
Edges : 2789
Elapsed Time : 00 days, 00 hour, 00 minutes, 00 seconds
-------------------------------
2020-11-01 04:41:42.552220
Filename : randomgraph.gr
Vertices : 200
Edges : 2715
Elapsed Time : 00 days, 00 hour, 00 minutes, 00 seconds
-------------------------------
2020-11-01 13:34:26.172089
Filename : randomgraph.gr
Vertices : 200
Edges : 2839
Elapsed Time : 00 days, 00 hour, 00 minutes, 00 seconds
-------------------------------
2020-11-01 13:35:39.257288
Filename : randomgraph.gr
Vertices : 200
Edges : 2921
Elapsed Time : 00 days, 00 hour, 00 minutes, 00 seconds
-------------------------------
2020-11-01 13:38:17.406902
Filename : randomgraph.gr
Vertices : 200
Edges : 2836
Elapsed Time : 00 days, 00 hour, 00 minutes, 00 seconds
-------------------------------
2020-11-01 13:41:53.045435
Filename : randomgraph.gr
Vertices : 200
Edges : 2870
Elapsed Time : 00 days, 00 hour, 00 minutes, 00 seconds
-------------------------------
2020-11-01 14:31:18.725510
Filename : randomgraph.gr
Vertices : 200
Edges : 2902
Elapsed Time : 00 days, 00 hour, 00 minutes, 00 seconds
-------------------------------
2020-11-01 14:37:20.123900
Filename : randomgraph.gr
Vertices : 200
Edges : 2899
Elapsed Time : 00 days, 00 hour, 00 minutes, 00 seconds
-------------------------------
2020-11-01 14:41:42.163068
Filename : randomgraph.gr
Vertices : 200
Edges : 2814
Elapsed Time : 00 days, 00 hour, 00 minutes, 00 seconds
-------------------------------
2020-11-01 14:45:12.403091
Filename : randomgraph.gr
Vertices : 200
Edges : 2830
Elapsed Time : 00 days, 00 hour, 00 minutes, 00 seconds
-------------------------------
2020-11-01 14:50:14.266602
Filename : randomgraph.gr
Vertices : 200
Edges : 2761
Elapsed Time : 00 days, 00 hour, 00 minutes, 00 seconds
-------------------------------
2020-11-01 14:50:37.606452
Filename : randomgraph.gr
Vertices : 200
Edges : 2955
Elapsed Time : 00 days, 00 hour, 00 minutes, 00 seconds
-------------------------------
2020-11-01 14:51:01.375598
Filename : randomgraph.gr
Vertices : 200
Edges : 2874
Elapsed Time : 00 days, 00 hour, 00 minutes, 00 seconds
-------------------------------
2020-11-01 14:52:56.510545
Filename : randomgraph.gr
Vertices : 200
Edges : 2748
Elapsed Time : 00 days, 00 hour, 00 minutes, 00 seconds
-------------------------------
2020-11-01 14:53:15.707502
Filename : randomgraph.gr
Vertices : 200
Edges : 2815
Elapsed Time : 00 days, 00 hour, 00 minutes, 00 seconds
-------------------------------
2020-11-01 14:53:38.928489
Filename : randomgraph.gr
Vertices : 200
Edges : 2833
Elapsed Time : 00 days, 00 hour, 00 minutes, 00 seconds
-------------------------------
2020-11-01 14:57:01.003640
Filename : randomgraph.gr
Vertices : 200
Edges : 2882
Elapsed Time : 00 days, 00 hour, 00 minutes, 00 seconds
-------------------------------
2020-11-01 14:57:11.545407
Filename : randomgraph.gr
Vertices : 200
Edges : 2926
Elapsed Time : 00 days, 00 hour, 00 minutes, 00 seconds
-------------------------------
2020-11-01 14:57:31.341845
Filename : randomgraph.gr
Vertices : 200
Edges : 2935
Elapsed Time : 00 days, 00 hour, 00 minutes, 00 seconds
-------------------------------
2020-11-01 14:58:19.608238
Filename : randomgraph.gr
Vertices : 200
Edges : 2902
Elapsed Time : 00 days, 00 hour, 00 minutes, 00 seconds
-------------------------------
2020-11-01 15:00:59.809077
Filename : randomgraph.gr
Vertices : 200
Edges : 2832
Elapsed Time : 00 days, 00 hour, 00 minutes, 00 seconds
-------------------------------
2020-11-01 15:04:01.664009
Filename : randomgraph.gr
Vertices : 200
Edges : 2819
Elapsed Time : 00 days, 00 hour, 00 minutes, 00 seconds
-------------------------------
2020-11-01 15:04:42.859051
Filename : randomgraph.gr
Vertices : 200
Edges : 2803
Elapsed Time : 00 days, 00 hour, 00 minutes, 00 seconds
-------------------------------
2020-11-01 15:05:21.200841
Filename : randomgraph.gr
Vertices : 200
Edges : 2896
Elapsed Time : 00 days, 00 hour, 00 minutes, 00 seconds
-------------------------------
2020-11-01 15:05:45.173181
Filename : randomgraph.gr
Vertices : 200
Edges : 2767
Elapsed Time : 00 days, 00 hour, 00 minutes, 00 seconds
-------------------------------
2020-11-01 15:06:57.801084
Filename : randomgraph.gr
Vertices : 200
Edges : 2732
Elapsed Time : 00 days, 00 hour, 00 minutes, 00 seconds
-------------------------------
2020-11-01 15:07:26.799693
Filename : randomgraph.gr
Vertices : 200
Edges : 2874
Elapsed Time : 00 days, 00 hour, 00 minutes, 00 seconds
-------------------------------
2020-11-01 15:08:24.241099
Filename : randomgraph.gr
Vertices : 200
Edges : 2876
Elapsed Time : 00 days, 00 hour, 00 minutes, 00 seconds
-------------------------------
2020-11-01 15:08:31.015940
Filename : randomgraph.gr
Vertices : 200
Edges : 2806
Elapsed Time : 00 days, 00 hour, 00 minutes, 00 seconds
-------------------------------
2020-11-01 15:11:09.598248
Filename : randomgraph.gr
Vertices : 200
Edges : 2854
Elapsed Time : 00 days, 00 hour, 00 minutes, 00 seconds
-------------------------------
2020-11-01 15:12:46.589642
Filename : randomgraph.gr
Vertices : 200
Edges : 2848
Elapsed Time : 00 days, 00 hour, 00 minutes, 00 seconds
-------------------------------
2020-11-01 15:14:21.726657
Filename : randomgraph.gr
Vertices : 200
Edges : 2903
Elapsed Time : 00 days, 00 hour, 00 minutes, 00 seconds
-------------------------------
2020-11-01 15:14:33.270797
Filename : randomgraph.gr
Vertices : 200
Edges : 2784
Elapsed Time : 00 days, 00 hour, 00 minutes, 00 seconds
-------------------------------
2020-11-01 15:14:34.989608
Filename : randomgraph.gr
Vertices : 200
Edges : 2814
Elapsed Time : 00 days, 00 hour, 00 minutes, 00 seconds
-------------------------------
2020-11-01 15:15:14.000872
Filename : randomgraph.gr
Vertices : 200
Edges : 2901
Elapsed Time : 00 days, 00 hour, 00 minutes, 00 seconds
-------------------------------
2020-11-01 15:15:22.286735
Filename : randomgraph.gr
Vertices : 200
Edges : 2784
Elapsed Time : 00 days, 00 hour, 00 minutes, 00 seconds
-------------------------------
2020-11-01 15:15:33.243659
Filename : randomgraph.gr
Vertices : 200
Edges : 2818
Elapsed Time : 00 days, 00 hour, 00 minutes, 00 seconds
-------------------------------
2020-11-01 15:19:36.655267
Filename : randomgraph.gr
Vertices : 200
Edges : 2744
Elapsed Time : 00 days, 00 hour, 00 minutes, 00 seconds
-------------------------------
2020-11-01 15:20:04.209406
Filename : randomgraph.gr
Vertices : 200
Edges : 2842
Elapsed Time : 00 days, 00 hour, 00 minutes, 00 seconds
-------------------------------
2020-11-01 15:22:09.209491
Filename : randomgraph.gr
Vertices : 200
Edges : 2947
Elapsed Time : 00 days, 00 hour, 00 minutes, 00 seconds
-------------------------------
2020-11-01 15:35:16.396088
Filename : randomgraph.gr
Vertices : 200
Edges : 2751
Elapsed Time : 00 days, 00 hour, 00 minutes, 00 seconds
-------------------------------
2020-11-01 15:35:18.392495
Filename : randomgraph.gr
Vertices : 200
Edges : 2847
Elapsed Time : 00 days, 00 hour, 00 minutes, 00 seconds
-------------------------------
2020-11-01 15:35:33.731832
Filename : randomgraph.gr
Vertices : 200
Edges : 2822
Elapsed Time : 00 days, 00 hour, 00 minutes, 00 seconds
-------------------------------
2020-11-01 15:35:35.915898
Filename : randomgraph.gr
Vertices : 200
Edges : 2770
Elapsed Time : 00 days, 00 hour, 00 minutes, 00 seconds
-------------------------------
2020-11-01 15:35:54.818106
Filename : randomgraph.gr
Vertices : 200
Edges : 2873
Elapsed Time : 00 days, 00 hour, 00 minutes, 00 seconds
-------------------------------
2020-11-01 15:36:03.071944
Filename : randomgraph.gr
Vertices : 200
Edges : 2705
Elapsed Time : 00 days, 00 hour, 00 minutes, 00 seconds
-------------------------------
2020-11-01 15:36:30.188691
Filename : randomgraph.gr
Vertices : 200
Edges : 2774
Elapsed Time : 00 days, 00 hour, 00 minutes, 00 seconds
-------------------------------
2020-11-01 15:36:37.722951
Filename : randomgraph.gr
Vertices : 200
Edges : 2769
Elapsed Time : 00 days, 00 hour, 00 minutes, 00 seconds
-------------------------------
2020-11-01 15:37:07.995776
Filename : randomgraph.gr
Vertices : 200
Edges : 2827
Elapsed Time : 00 days, 00 hour, 00 minutes, 00 seconds
-------------------------------
2020-11-01 15:37:13.601787
Filename : randomgraph.gr
Vertices : 200
Edges : 2926
Elapsed Time : 00 days, 00 hour, 00 minutes, 00 seconds
-------------------------------
2020-11-01 15:37:56.787155
Filename : randomgraph.gr
Vertices : 200
Edges : 2754
Elapsed Time : 00 days, 00 hour, 00 minutes, 00 seconds
-------------------------------
2020-11-01 15:38:02.061264
Filename : randomgraph.gr
Vertices : 200
Edges : 2818
Elapsed Time : 00 days, 00 hour, 00 minutes, 00 seconds
-------------------------------
2020-11-01 15:38:37.607726
Filename : randomgraph.gr
Vertices : 200
Edges : 2833
Elapsed Time : 00 days, 00 hour, 00 minutes, 00 seconds
-------------------------------
2020-11-01 15:38:45.030752
Filename : randomgraph.gr
Vertices : 200
Edges : 2853
Elapsed Time : 00 days, 00 hour, 00 minutes, 00 seconds
-------------------------------
2020-11-01 15:41:52.580590
Filename : randomgraph.gr
Vertices : 200
Edges : 2927
Elapsed Time : 00 days, 00 hour, 00 minutes, 00 seconds
-------------------------------
2020-11-01 15:41:58.589520
Filename : randomgraph.gr
Vertices : 200
Edges : 2812
Elapsed Time : 00 days, 00 hour, 00 minutes, 00 seconds
-------------------------------
2020-11-01 15:47:58.743878
Filename : randomgraph.gr
Vertices : 200
Edges : 2796
Elapsed Time : 00 days, 00 hour, 00 minutes, 00 seconds
-------------------------------
2020-11-01 15:48:12.660317
Filename : randomgraph.gr
Vertices : 200
Edges : 2906
Elapsed Time : 00 days, 00 hour, 00 minutes, 00 seconds
-------------------------------
2020-11-01 15:55:50.372081
Filename : randomgraph.gr
Vertices : 200
Edges : 2874
Elapsed Time : 00 days, 00 hour, 00 minutes, 00 seconds
-------------------------------
2020-11-01 15:55:51.641358
Filename : randomgraph.gr
Vertices : 200
Edges : 2920
Elapsed Time : 00 days, 00 hour, 00 minutes, 00 seconds
-------------------------------
2020-11-01 15:55:59.910918
Filename : randomgraph.gr
Vertices : 200
Edges : 2883
Elapsed Time : 00 days, 00 hour, 00 minutes, 00 seconds
-------------------------------
2020-11-01 15:56:06.986860
Filename : randomgraph.gr
Vertices : 200
Edges : 2900
Elapsed Time : 00 days, 00 hour, 00 minutes, 00 seconds
-------------------------------
2020-11-01 16:04:23.051598
Filename : randomgraph.gr
Vertices : 200
Edges : 2895
Elapsed Time : 00 days, 00 hour, 00 minutes, 00 seconds
-------------------------------
2020-11-01 16:04:31.361869
Filename : randomgraph.gr
Vertices : 200
Edges : 2846
Elapsed Time : 00 days, 00 hour, 00 minutes, 00 seconds
-------------------------------
2020-11-01 16:04:46.830728
Filename : randomgraph.gr
Vertices : 200
Edges : 2965
Elapsed Time : 00 days, 00 hour, 00 minutes, 00 seconds
-------------------------------
2020-11-01 16:04:50.656727
Filename : randomgraph.gr
Vertices : 200
Edges : 2945
Elapsed Time : 00 days, 00 hour, 00 minutes, 00 seconds
-------------------------------
2020-11-01 16:05:05.795975
Filename : randomgraph.gr
Vertices : 200
Edges : 2839
Elapsed Time : 00 days, 00 hour, 00 minutes, 00 seconds
-------------------------------
2020-11-01 16:06:51.999564
Filename : randomgraph.gr
Vertices : 200
Edges : 2992
Elapsed Time : 00 days, 00 hour, 00 minutes, 00 seconds
-------------------------------
2020-11-01 16:07:22.976878
Filename : randomgraph.gr
Vertices : 200
Edges : 2879
Elapsed Time : 00 days, 00 hour, 00 minutes, 00 seconds
-------------------------------
2020-11-01 16:07:27.940611
Filename : randomgraph.gr
Vertices : 200
Edges : 2784
Elapsed Time : 00 days, 00 hour, 00 minutes, 00 seconds
-------------------------------
2020-11-01 16:07:49.443438
Filename : randomgraph.gr
Vertices : 200
Edges : 2835
Elapsed Time : 00 days, 00 hour, 00 minutes, 00 seconds
-------------------------------
2020-11-01 16:07:53.139526
Filename : randomgraph.gr
Vertices : 200
Edges : 2748
Elapsed Time : 00 days, 00 hour, 00 minutes, 00 seconds
-------------------------------
2020-11-01 16:08:45.184421
Filename : randomgraph.gr
Vertices : 200
Edges : 2880
Elapsed Time : 00 days, 00 hour, 00 minutes, 00 seconds
-------------------------------
2020-11-01 16:09:07.878056
Filename : randomgraph.gr
Vertices : 200
Edges : 2766
Elapsed Time : 00 days, 00 hour, 00 minutes, 00 seconds
-------------------------------
2020-11-01 16:09:34.030126
Filename : randomgraph.gr
Vertices : 200
Edges : 2754
Elapsed Time : 00 days, 00 hour, 00 minutes, 00 seconds
-------------------------------
2020-11-01 16:09:44.490281
Filename : randomgraph.gr
Vertices : 200
Edges : 2799
Elapsed Time : 00 days, 00 hour, 00 minutes, 00 seconds
-------------------------------
2020-11-01 16:12:05.694311
Filename : randomgraph.gr
Vertices : 200
Edges : 2920
Elapsed Time : 00 days, 00 hour, 00 minutes, 00 seconds
-------------------------------
2020-11-01 16:12:21.616352
Filename : randomgraph.gr
Vertices : 200
Edges : 2760
Elapsed Time : 00 days, 00 hour, 00 minutes, 00 seconds
-------------------------------
2020-11-01 16:13:21.420138
Filename : randomgraph.gr
Vertices : 200
Edges : 2741
Elapsed Time : 00 days, 00 hour, 00 minutes, 00 seconds
-------------------------------
2020-11-01 16:14:04.130345
Filename : randomgraph.gr
Vertices : 200
Edges : 2770
Elapsed Time : 00 days, 00 hour, 00 minutes, 00 seconds
-------------------------------
2020-11-01 16:14:12.797440
Filename : randomgraph.gr
Vertices : 200
Edges : 3019
Elapsed Time : 00 days, 00 hour, 00 minutes, 00 seconds
-------------------------------
2020-11-01 16:14:18.752843
Filename : randomgraph.gr
Vertices : 200
Edges : 2830
Elapsed Time : 00 days, 00 hour, 00 minutes, 00 seconds
-------------------------------
2020-11-01 16:15:53.634044
Filename : randomgraph.gr
Vertices : 200
Edges : 2836
Elapsed Time : 00 days, 00 hour, 00 minutes, 00 seconds
-------------------------------
2020-11-01 16:16:00.349245
Filename : randomgraph.gr
Vertices : 200
Edges : 2700
Elapsed Time : 00 days, 00 hour, 00 minutes, 00 seconds
-------------------------------
2020-11-01 16:17:04.295246
Filename : randomgraph.gr
Vertices : 200
Edges : 2924
Elapsed Time : 00 days, 00 hour, 00 minutes, 00 seconds
-------------------------------
2020-11-01 16:17:12.481091
Filename : randomgraph.gr
Vertices : 200
Edges : 2896
Elapsed Time : 00 days, 00 hour, 00 minutes, 00 seconds
-------------------------------
2020-11-01 16:17:19.967262
Filename : randomgraph.gr
Vertices : 200
Edges : 2756
Elapsed Time : 00 days, 00 hour, 00 minutes, 00 seconds
-------------------------------
2020-11-01 16:17:58.421369
Filename : randomgraph.gr
Vertices : 200
Edges : 2876
Elapsed Time : 00 days, 00 hour, 00 minutes, 00 seconds
-------------------------------
2020-11-01 16:18:02.862867
Filename : randomgraph.gr
Vertices : 200
Edges : 2830
Elapsed Time : 00 days, 00 hour, 00 minutes, 00 seconds
-------------------------------
2020-11-01 16:18:52.592226
Filename : randomgraph.gr
Vertices : 200
Edges : 2835
Elapsed Time : 00 days, 00 hour, 00 minutes, 00 seconds
-------------------------------
2020-11-01 16:20:36.056938
Filename : randomgraph.gr
Vertices : 200
Edges : 2876
Elapsed Time : 00 days, 00 hour, 00 minutes, 00 seconds
-------------------------------
2020-11-01 16:21:26.793026
Filename : randomgraph.gr
Vertices : 200
Edges : 2865
Elapsed Time : 00 days, 00 hour, 00 minutes, 00 seconds
-------------------------------
2020-11-01 16:22:48.293129
Filename : randomgraph.gr
Vertices : 200
Edges : 2890
Elapsed Time : 00 days, 00 hour, 00 minutes, 00 seconds
-------------------------------
2020-11-01 16:24:12.682946
Filename : randomgraph.gr
Vertices : 200
Edges : 2846
Elapsed Time : 00 days, 00 hour, 00 minutes, 00 seconds
-------------------------------
2020-11-01 16:24:20.066967
Filename : randomgraph.gr
Vertices : 200
Edges : 2939
Elapsed Time : 00 days, 00 hour, 00 minutes, 00 seconds
-------------------------------
2020-11-01 16:28:56.212699
Filename : randomgraph.gr
Vertices : 200
Edges : 2946
Elapsed Time : 00 days, 00 hour, 00 minutes, 00 seconds
-------------------------------
2020-11-01 16:29:04.940749
Filename : randomgraph.gr
Vertices : 200
Edges : 2793
Elapsed Time : 00 days, 00 hour, 00 minutes, 00 seconds
-------------------------------
2020-11-01 16:30:02.655056
Filename : randomgraph.gr
Vertices : 200
Edges : 2761
Elapsed Time : 00 days, 00 hour, 00 minutes, 00 seconds
-------------------------------
2020-11-01 16:30:11.829715
Filename : randomgraph.gr
Vertices : 200
Edges : 2851
Elapsed Time : 00 days, 00 hour, 00 minutes, 00 seconds
-------------------------------
2020-11-01 16:35:53.297373
Filename : randomgraph.gr
Vertices : 200
Edges : 2795
Elapsed Time : 00 days, 00 hour, 00 minutes, 00 seconds
-------------------------------
2020-11-01 16:36:25.829686
Filename : randomgraph.gr
Vertices : 200
Edges : 2901
Elapsed Time : 00 days, 00 hour, 00 minutes, 00 seconds
-------------------------------
2020-11-01 16:37:23.889770
Filename : randomgraph.gr
Vertices : 200
Edges : 2795
Elapsed Time : 00 days, 00 hour, 00 minutes, 00 seconds
-------------------------------
2020-11-01 16:39:45.318416
Filename : randomgraph.gr
Vertices : 200
Edges : 2754
Elapsed Time : 00 days, 00 hour, 00 minutes, 00 seconds
-------------------------------
2020-11-01 16:43:49.163398
Filename : randomgraph.gr
Vertices : 200
Edges : 2967
Elapsed Time : 00 days, 00 hour, 00 minutes, 00 seconds
-------------------------------
2020-11-01 16:43:59.473920
Filename : randomgraph.gr
Vertices : 200
Edges : 2824
Elapsed Time : 00 days, 00 hour, 00 minutes, 00 seconds
-------------------------------
2020-11-02 00:05:40.257742
Filename : randomgraph.gr
Vertices : 200
Edges : 2867
Elapsed Time : 00 days, 00 hour, 00 minutes, 00 seconds
-------------------------------
2020-11-02 00:06:36.530715
Filename : randomgraph.gr
Vertices : 200
Edges : 2924
Elapsed Time : 00 days, 00 hour, 00 minutes, 00 seconds
-------------------------------
2020-11-02 00:06:50.174033
Filename : randomgraph.gr
Vertices : 200
Edges : 2858
Elapsed Time : 00 days, 00 hour, 00 minutes, 00 seconds
-------------------------------
2020-11-02 00:07:07.521270
Filename : randomgraph.gr
Vertices : 200
Edges : 2703
Elapsed Time : 00 days, 00 hour, 00 minutes, 00 seconds
-------------------------------
2020-11-02 00:07:33.741931
Filename : randomgraph.gr
Vertices : 200
Edges : 2877
Elapsed Time : 00 days, 00 hour, 00 minutes, 00 seconds
-------------------------------
2020-11-02 00:08:03.048070
Filename : randomgraph.gr
Vertices : 200
Edges : 2898
Elapsed Time : 00 days, 00 hour, 00 minutes, 00 seconds
-------------------------------
2020-11-02 00:15:32.940333
Filename : randomgraph.gr
Vertices : 200
Edges : 2896
Elapsed Time : 00 days, 00 hour, 00 minutes, 00 seconds
-------------------------------
2020-11-02 00:16:54.637475
Filename : randomgraph.gr
Vertices : 200
Edges : 2835
Elapsed Time : 00 days, 00 hour, 00 minutes, 00 seconds
-------------------------------
2020-11-02 00:26:40.686087
Filename : randomgraph.gr
Vertices : 200
Edges : 2946
Elapsed Time : 00 days, 00 hour, 00 minutes, 00 seconds
-------------------------------
